Reading package lists...
Building dependency tree...
Reading state information...
htop is already the newest version (3.0.5-7build2).
0 upgraded, 0 newly installed, 0 to remove and 96 not upgraded.
Reading package lists...
Building dependency tree...
Reading state information...
htop is already the newest version (3.0.5-7build2).
0 upgraded, 0 newly installed, 0 to remove and 96 not upgraded.
Wed Dec 27 19:49:30 GMT 2023
Reading package lists...
Building dependency tree...
Reading state information...
htop is already the newest version (3.0.5-7build2).
0 upgraded, 0 newly installed, 0 to remove and 96 not upgraded.
Wed Dec 27 19:49:47 GMT 2023
Reading package lists...
Building dependency tree...
Reading state information...
htop is already the newest version (3.0.5-7build2).
0 upgraded, 0 newly installed, 0 to remove and 96 not upgraded.
